<?xml version="1.0" encoding="UTF-8"?>
<!-- Generated by org.testng.reporters.JUnitXMLReporter -->
<testsuite ignored="0" hostname="Ruthu" failures="2" tests="4" name="Test" time="25.862" errors="0" timestamp="2023-12-14T17:22:35 IST">
  <testcase classname="Testng.Assert" name="test1" time="0.004"/>
  <testcase classname="Testng.Assert" name="validLogin" time="4.497">
    <failure type="java.lang.AssertionError" message="The following asserts failed:
	expected [Facebook] but found [Facebook – log in or sign up]">
      <![CDATA[java.lang.AssertionError: The following asserts failed:
expected [Facebook] but found [Facebook – log in or sign up]
at Testng.Assert.validLogin(Assert.java:20)
at java.base/java.util.ArrayList.forEach(ArrayList.java:1511)
... Removed 29 stack frames]]>
    </failure>
  </testcase> <!-- validLogin -->
  <testcase classname="Testng.SoftAssert" name="test1" time="0.002"/>
  <testcase classname="Testng.SoftAssert" name="validLogin" time="4.049">
    <failure type="java.lang.AssertionError" message="expected [Facebook] but found [Facebook – log in or sign up]">
      <![CDATA[java.lang.AssertionError: expected [Facebook] but found [Facebook – log in or sign up]
at Testng.SoftAssert.validLogin(SoftAssert.java:17)
at java.base/java.util.ArrayList.forEach(ArrayList.java:1511)
... Removed 33 stack frames]]>
    </failure>
  </testcase> <!-- validLogin -->
</testsuite> <!-- Test -->
